<?xml version="1.0" encoding="utf-8"?>
<coverage line-rate="0.9189" branch-rate="0.9047" version="1.9" timestamp="1773167320" lines-covered="34" lines-valid="37" branches-covered="19" branches-valid="21">
  <sources>
    <source>C:\Users\NILAVAN\CI-CD-Pipeline-for-Blood-Pressure-Category-Calculator\BPCalculator\</source>
  </sources>
  <packages>
    <package name="BPCalculator" line-rate="0.9189" branch-rate="0.9047" complexity="26">
      <classes>
        <class name="BPCalculator.BloodPressure" filename="BloodPressure.cs" line-rate="0.9545" branch-rate="0.9411" complexity="20">
          <methods>
            <method name="get_Systolic" signature="()" line-rate="1" branch-rate="1" complexity="1">
              <lines>
                <line number="23" hits="113" branch="False" />
              </lines>
            </method>
            <method name="get_Diastolic" signature="()" line-rate="1" branch-rate="1" complexity="1">
              <lines>
                <line number="27" hits="82" branch="False" />
              </lines>
            </method>
            <method name="IsValid" signature="()" line-rate="1" branch-rate="1" complexity="1">
              <lines>
                <line number="30" hits="10" branch="False" />
              </lines>
            </method>
            <method name="get_Category" signature="()" line-rate="1" branch-rate="1" complexity="12">
              <lines>
                <line number="36" hits="30" branch="False" />
                <line number="37" hits="30" branch="True" condition-coverage="100% (4/4)">
                  <conditions>
                    <condition number="9" type="jump" coverage="100%" />
                    <condition number="26" type="jump" coverage="100%" />
                  </conditions>
                </line>
                <line number="38" hits="8" branch="False" />
                <line number="40" hits="22" branch="True" condition-coverage="100% (4/4)">
                  <conditions>
                    <condition number="40" type="jump" coverage="100%" />
                    <condition number="57" type="jump" coverage="100%" />
                  </conditions>
                </line>
                <line number="41" hits="7" branch="False" />
                <line number="43" hits="15" branch="True" condition-coverage="100% (4/4)">
                  <conditions>
                    <condition number="74" type="jump" coverage="100%" />
                    <condition number="91" type="jump" coverage="100%" />
                  </conditions>
                </line>
                <line number="44" hits="7" branch="False" />
                <line number="46" hits="8" branch="False" />
                <line number="47" hits="30" branch="False" />
              </lines>
            </method>
            <method name="get_Recommendation" signature="()" line-rate="0.9" branch-rate="0.8" complexity="5">
              <lines>
                <line number="54" hits="12" branch="False" />
                <line number="55" hits="12" branch="True" condition-coverage="80% (4/5)">
                  <conditions>
                    <condition number="13" type="switch" coverage="80%" />
                  </conditions>
                </line>
                <line number="56" hits="12" branch="False" />
                <line number="57" hits="3" branch="False" />
                <line number="58" hits="3" branch="False" />
                <line number="59" hits="3" branch="False" />
                <line number="60" hits="3" branch="False" />
                <line number="61" hits="0" branch="False" />
                <line number="62" hits="12" branch="False" />
                <line number="63" hits="12" branch="False" />
              </lines>
            </method>
          </methods>
          <lines>
            <line number="23" hits="113" branch="False" />
            <line number="27" hits="82" branch="False" />
            <line number="30" hits="10" branch="False" />
            <line number="36" hits="30" branch="False" />
            <line number="37" hits="30" branch="True" condition-coverage="100% (4/4)">
              <conditions>
                <condition number="9" type="jump" coverage="100%" />
                <condition number="26" type="jump" coverage="100%" />
              </conditions>
            </line>
            <line number="38" hits="8" branch="False" />
            <line number="40" hits="22" branch="True" condition-coverage="100% (4/4)">
              <conditions>
                <condition number="40" type="jump" coverage="100%" />
                <condition number="57" type="jump" coverage="100%" />
              </conditions>
            </line>
            <line number="41" hits="7" branch="False" />
            <line number="43" hits="15" branch="True" condition-coverage="100% (4/4)">
              <conditions>
                <condition number="74" type="jump" coverage="100%" />
                <condition number="91" type="jump" coverage="100%" />
              </conditions>
            </line>
            <line number="44" hits="7" branch="False" />
            <line number="46" hits="8" branch="False" />
            <line number="47" hits="30" branch="False" />
            <line number="54" hits="12" branch="False" />
            <line number="55" hits="12" branch="True" condition-coverage="80% (4/5)">
              <conditions>
                <condition number="13" type="switch" coverage="80%" />
              </conditions>
            </line>
            <line number="56" hits="12" branch="False" />
            <line number="57" hits="3" branch="False" />
            <line number="58" hits="3" branch="False" />
            <line number="59" hits="3" branch="False" />
            <line number="60" hits="3" branch="False" />
            <line number="61" hits="0" branch="False" />
            <line number="62" hits="12" branch="False" />
            <line number="63" hits="12" branch="False" />
          </lines>
        </class>
        <class name="BPCalculator.Pages.BloodPressureModel" filename="Pages\Index.cshtml.cs" line-rate="0.8665999999999999" branch-rate="0.75" complexity="6">
          <methods>
            <method name="get_BP" signature="()" line-rate="1" branch-rate="1" complexity="1">
              <lines>
                <line number="9" hits="16" branch="False" />
              </lines>
            </method>
            <method name="OnGet" signature="()" line-rate="1" branch-rate="1" complexity="1">
              <lines>
                <line number="13" hits="1" branch="False" />
                <line number="14" hits="1" branch="False" />
                <line number="15" hits="1" branch="False" />
              </lines>
            </method>
            <method name="OnPost" signature="()" line-rate="0.8181" branch-rate="0.75" complexity="4">
              <lines>
                <line number="19" hits="5" branch="False" />
                <line number="21" hits="5" branch="True" condition-coverage="50% (1/2)">
                  <conditions>
                    <condition number="17" type="jump" coverage="50%" />
                  </conditions>
                </line>
                <line number="22" hits="0" branch="False" />
                <line number="23" hits="0" branch="False" />
                <line number="27" hits="5" branch="True" condition-coverage="100% (2/2)">
                  <conditions>
                    <condition number="45" type="jump" coverage="100%" />
                  </conditions>
                </line>
                <line number="28" hits="2" branch="False" />
                <line number="29" hits="2" branch="False" />
                <line number="30" hits="2" branch="False" />
                <line number="31" hits="2" branch="False" />
                <line number="34" hits="3" branch="False" />
                <line number="35" hits="5" branch="False" />
              </lines>
            </method>
          </methods>
          <lines>
            <line number="9" hits="16" branch="False" />
            <line number="13" hits="1" branch="False" />
            <line number="14" hits="1" branch="False" />
            <line number="15" hits="1" branch="False" />
            <line number="19" hits="5" branch="False" />
            <line number="21" hits="5" branch="True" condition-coverage="50% (1/2)">
              <conditions>
                <condition number="17" type="jump" coverage="50%" />
              </conditions>
            </line>
            <line number="22" hits="0" branch="False" />
            <line number="23" hits="0" branch="False" />
            <line number="27" hits="5" branch="True" condition-coverage="100% (2/2)">
              <conditions>
                <condition number="45" type="jump" coverage="100%" />
              </conditions>
            </line>
            <line number="28" hits="2" branch="False" />
            <line number="29" hits="2" branch="False" />
            <line number="30" hits="2" branch="False" />
            <line number="31" hits="2" branch="False" />
            <line number="34" hits="3" branch="False" />
            <line number="35" hits="5" branch="False" />
          </lines>
        </class>
      </classes>
    </package>
  </packages>
</coverage>